<?xml version="1.0" encoding="UTF-8"?>
<coverage generated="1638393352335" clover="3.2.0">
  <project timestamp="1638393352335" name="All files">
    <metrics statements="144" coveredstatements="94" conditionals="34" coveredconditionals="16" methods="32" coveredmethods="17" elements="210" coveredelements="127" complexity="0" loc="144" ncloc="144" packages="5" files="17" classes="17"/>
    <package name="__test__.__mock__">
      <metrics statements="35" coveredstatements="29" conditionals="8" coveredconditionals="4" methods="9" coveredmethods="7"/>
      <file name="fake-message-new.js" path="C:\Users\user\Documents\PROGRAMACION\Backend\Desafíos\desafios2\__test__\__mock__\fake-message-new.js">
        <metrics statements="2" coveredstatements="2" conditionals="0" coveredconditionals="0" methods="0" coveredmethods="0"/>
        <line num="1" count="1" type="stmt"/>
        <line num="13" count="1" type="stmt"/>
      </file>
      <file name="fake-message-updated.js" path="C:\Users\user\Documents\PROGRAMACION\Backend\Desafíos\desafios2\__test__\__mock__\fake-message-updated.js">
        <metrics statements="2" coveredstatements="2" conditionals="0" coveredconditionals="0" methods="0" coveredmethods="0"/>
        <line num="1" count="1" type="stmt"/>
        <line num="13" count="1" type="stmt"/>
      </file>
      <file name="fake-messageModel.js" path="C:\Users\user\Documents\PROGRAMACION\Backend\Desafíos\desafios2\__test__\__mock__\fake-messageModel.js">
        <metrics statements="25" coveredstatements="19" conditionals="8" coveredconditionals="4" methods="9" coveredmethods="7"/>
        <line num="1" count="1" type="stmt"/>
        <line num="2" count="0" type="stmt"/>
        <line num="5" count="1" type="stmt"/>
        <line num="7" count="1" type="stmt"/>
        <line num="10" count="1" type="stmt"/>
        <line num="11" count="1" type="stmt"/>
        <line num="12" count="1" type="stmt"/>
        <line num="13" count="1" type="cond" truecount="1" falsecount="1"/>
        <line num="14" count="1" type="stmt"/>
        <line num="15" count="0" type="stmt"/>
        <line num="18" count="0" type="stmt"/>
        <line num="23" count="1" type="stmt"/>
        <line num="24" count="1" type="stmt"/>
        <line num="25" count="1" type="stmt"/>
        <line num="26" count="1" type="cond" truecount="1" falsecount="1"/>
        <line num="27" count="1" type="cond" truecount="1" falsecount="1"/>
        <line num="28" count="1" type="stmt"/>
        <line num="29" count="0" type="stmt"/>
        <line num="31" count="0" type="stmt"/>
        <line num="36" count="1" type="stmt"/>
        <line num="37" count="1" type="stmt"/>
        <line num="38" count="1" type="stmt"/>
        <line num="39" count="1" type="cond" truecount="1" falsecount="1"/>
        <line num="40" count="1" type="stmt"/>
        <line num="42" count="0" type="stmt"/>
      </file>
      <file name="fake-messages-list.js" path="C:\Users\user\Documents\PROGRAMACION\Backend\Desafíos\desafios2\__test__\__mock__\fake-messages-list.js">
        <metrics statements="2" coveredstatements="2" conditionals="0" coveredconditionals="0" methods="0" coveredmethods="0"/>
        <line num="1" count="1" type="stmt"/>
        <line num="26" count="1" type="stmt"/>
      </file>
      <file name="index.js" path="C:\Users\user\Documents\PROGRAMACION\Backend\Desafíos\desafios2\__test__\__mock__\index.js">
        <metrics statements="4" coveredstatements="4" conditionals="0" coveredconditionals="0" methods="0" coveredmethods="0"/>
        <line num="1" count="1" type="stmt"/>
        <line num="2" count="1" type="stmt"/>
        <line num="3" count="1" type="stmt"/>
        <line num="5" count="1" type="stmt"/>
      </file>
    </package>
    <package name="src.config">
      <metrics statements="2" coveredstatements="2" conditionals="17" coveredconditionals="10" methods="0" coveredmethods="0"/>
      <file name="globals.js" path="C:\Users\user\Documents\PROGRAMACION\Backend\Desafíos\desafios2\src\config\globals.js">
        <metrics statements="2" coveredstatements="2" conditionals="17" coveredconditionals="10" methods="0" coveredmethods="0"/>
        <line num="1" count="1" type="stmt"/>
        <line num="3" count="1" type="stmt"/>
      </file>
    </package>
    <package name="src.dal.models">
      <metrics statements="19" coveredstatements="19" conditionals="2" coveredconditionals="1" methods="0" coveredmethods="0"/>
      <file name="index.js" path="C:\Users\user\Documents\PROGRAMACION\Backend\Desafíos\desafios2\src\dal\models\index.js">
        <metrics statements="9" coveredstatements="9" conditionals="2" coveredconditionals="1" methods="0" coveredmethods="0"/>
        <line num="1" count="1" type="stmt"/>
        <line num="2" count="1" type="stmt"/>
        <line num="3" count="1" type="stmt"/>
        <line num="4" count="1" type="stmt"/>
        <line num="7" count="1" type="cond" truecount="1" falsecount="1"/>
        <line num="8" count="1" type="stmt"/>
        <line num="9" count="1" type="stmt"/>
        <line num="10" count="1" type="stmt"/>
        <line num="13" count="1" type="stmt"/>
      </file>
      <file name="message.js" path="C:\Users\user\Documents\PROGRAMACION\Backend\Desafíos\desafios2\src\dal\models\message.js">
        <metrics statements="3" coveredstatements="3" conditionals="0" coveredconditionals="0" methods="0" coveredmethods="0"/>
        <line num="1" count="1" type="stmt"/>
        <line num="3" count="1" type="stmt"/>
        <line num="15" count="1" type="stmt"/>
      </file>
      <file name="product.js" path="C:\Users\user\Documents\PROGRAMACION\Backend\Desafíos\desafios2\src\dal\models\product.js">
        <metrics statements="3" coveredstatements="3" conditionals="0" coveredconditionals="0" methods="0" coveredmethods="0"/>
        <line num="1" count="1" type="stmt"/>
        <line num="3" count="1" type="stmt"/>
        <line num="9" count="1" type="stmt"/>
      </file>
      <file name="userFb.js" path="C:\Users\user\Documents\PROGRAMACION\Backend\Desafíos\desafios2\src\dal\models\userFb.js">
        <metrics statements="4" coveredstatements="4" conditionals="0" coveredconditionals="0" methods="0" coveredmethods="0"/>
        <line num="1" count="1" type="stmt"/>
        <line num="2" count="1" type="stmt"/>
        <line num="4" count="1" type="stmt"/>
        <line num="12" count="1" type="stmt"/>
      </file>
    </package>
    <package name="src.dal.repositories">
      <metrics statements="20" coveredstatements="14" conditionals="0" coveredconditionals="0" methods="8" coveredmethods="5"/>
      <file name="baseRepository.js" path="C:\Users\user\Documents\PROGRAMACION\Backend\Desafíos\desafios2\src\dal\repositories\baseRepository.js">
        <metrics statements="12" coveredstatements="8" conditionals="0" coveredconditionals="0" methods="6" coveredmethods="4"/>
        <line num="1" count="1" type="stmt"/>
        <line num="3" count="1" type="stmt"/>
        <line num="4" count="1" type="stmt"/>
        <line num="8" count="0" type="stmt"/>
        <line num="9" count="0" type="stmt"/>
        <line num="13" count="1" type="stmt"/>
        <line num="14" count="1" type="stmt"/>
        <line num="18" count="1" type="stmt"/>
        <line num="19" count="1" type="stmt"/>
        <line num="23" count="0" type="stmt"/>
        <line num="24" count="0" type="stmt"/>
        <line num="28" count="1" type="stmt"/>
      </file>
      <file name="index.js" path="C:\Users\user\Documents\PROGRAMACION\Backend\Desafíos\desafios2\src\dal\repositories\index.js">
        <metrics statements="3" coveredstatements="3" conditionals="0" coveredconditionals="0" methods="0" coveredmethods="0"/>
        <line num="1" count="1" type="stmt"/>
        <line num="2" count="1" type="stmt"/>
        <line num="4" count="1" type="stmt"/>
      </file>
      <file name="messageRepository.js" path="C:\Users\user\Documents\PROGRAMACION\Backend\Desafíos\desafios2\src\dal\repositories\messageRepository.js">
        <metrics statements="5" coveredstatements="3" conditionals="0" coveredconditionals="0" methods="2" coveredmethods="1"/>
        <line num="1" count="1" type="stmt"/>
        <line num="3" count="1" type="stmt"/>
        <line num="6" count="0" type="stmt"/>
        <line num="7" count="0" type="stmt"/>
        <line num="11" count="1" type="stmt"/>
      </file>
    </package>
    <package name="src.services">
      <metrics statements="68" coveredstatements="30" conditionals="7" coveredconditionals="1" methods="15" coveredmethods="5"/>
      <file name="index.js" path="C:\Users\user\Documents\PROGRAMACION\Backend\Desafíos\desafios2\src\services\index.js">
        <metrics statements="6" coveredstatements="6" conditionals="0" coveredconditionals="0" methods="0" coveredmethods="0"/>
        <line num="1" count="1" type="stmt"/>
        <line num="2" count="1" type="stmt"/>
        <line num="3" count="1" type="stmt"/>
        <line num="4" count="1" type="stmt"/>
        <line num="5" count="1" type="stmt"/>
        <line num="8" count="1" type="stmt"/>
      </file>
      <file name="messageService.js" path="C:\Users\user\Documents\PROGRAMACION\Backend\Desafíos\desafios2\src\services\messageService.js">
        <metrics statements="21" coveredstatements="13" conditionals="2" coveredconditionals="1" methods="5" coveredmethods="4"/>
        <line num="1" count="1" type="stmt"/>
        <line num="5" count="1" type="stmt"/>
        <line num="9" count="1" type="stmt"/>
        <line num="10" count="1" type="stmt"/>
        <line num="11" count="1" type="stmt"/>
        <line num="13" count="0" type="stmt"/>
        <line num="18" count="1" type="stmt"/>
        <line num="19" count="1" type="cond" truecount="1" falsecount="1"/>
        <line num="20" count="1" type="stmt"/>
        <line num="21" count="1" type="stmt"/>
        <line num="23" count="0" type="stmt"/>
        <line num="24" count="0" type="stmt"/>
        <line num="27" count="0" type="stmt"/>
        <line num="32" count="1" type="stmt"/>
        <line num="33" count="1" type="stmt"/>
        <line num="36" count="1" type="stmt"/>
        <line num="38" count="0" type="stmt"/>
        <line num="43" count="0" type="stmt"/>
        <line num="44" count="0" type="stmt"/>
        <line num="46" count="0" type="stmt"/>
        <line num="51" count="1" type="stmt"/>
      </file>
      <file name="notificationService.js" path="C:\Users\user\Documents\PROGRAMACION\Backend\Desafíos\desafios2\src\services\notificationService.js">
        <metrics statements="22" coveredstatements="9" conditionals="5" coveredconditionals="0" methods="4" coveredmethods="0"/>
        <line num="1" count="1" type="stmt"/>
        <line num="2" count="1" type="stmt"/>
        <line num="3" count="1" type="stmt"/>
        <line num="4" count="1" type="stmt"/>
        <line num="6" count="1" type="stmt"/>
        <line num="20" count="1" type="stmt"/>
        <line num="34" count="1" type="stmt"/>
        <line num="35" count="0" type="stmt"/>
        <line num="43" count="1" type="stmt"/>
        <line num="44" count="0" type="stmt"/>
        <line num="60" count="0" type="stmt"/>
        <line num="61" count="0" type="stmt"/>
        <line num="63" count="0" type="cond" truecount="0" falsecount="5"/>
        <line num="64" count="0" type="stmt"/>
        <line num="65" count="0" type="stmt"/>
        <line num="67" count="0" type="stmt"/>
        <line num="71" count="0" type="stmt"/>
        <line num="76" count="0" type="stmt"/>
        <line num="77" count="0" type="stmt"/>
        <line num="82" count="0" type="stmt"/>
        <line num="84" count="0" type="stmt"/>
        <line num="89" count="1" type="stmt"/>
      </file>
      <file name="productService.js" path="C:\Users\user\Documents\PROGRAMACION\Backend\Desafíos\desafios2\src\services\productService.js">
        <metrics statements="19" coveredstatements="2" conditionals="0" coveredconditionals="0" methods="6" coveredmethods="1"/>
        <line num="3" count="1" type="stmt"/>
        <line num="7" count="0" type="stmt"/>
        <line num="8" count="0" type="stmt"/>
        <line num="10" count="0" type="stmt"/>
        <line num="15" count="0" type="stmt"/>
        <line num="16" count="0" type="stmt"/>
        <line num="18" count="0" type="stmt"/>
        <line num="23" count="0" type="stmt"/>
        <line num="24" count="0" type="stmt"/>
        <line num="25" count="0" type="stmt"/>
        <line num="27" count="0" type="stmt"/>
        <line num="32" count="0" type="stmt"/>
        <line num="33" count="0" type="stmt"/>
        <line num="36" count="0" type="stmt"/>
        <line num="38" count="0" type="stmt"/>
        <line num="43" count="0" type="stmt"/>
        <line num="44" count="0" type="stmt"/>
        <line num="46" count="0" type="stmt"/>
        <line num="51" count="1" type="stmt"/>
      </file>
    </package>
  </project>
</coverage>
