{"C:\\Users\\user\\Documents\\PROGRAMACION\\Backend\\Desafíos\\desafios2\\__test__\\__mock__\\fake-message-new.js": {"path":"C:\\Users\\user\\Documents\\PROGRAMACION\\Backend\\Desafíos\\desafios2\\__test__\\__mock__\\fake-message-new.js","statementMap":{"0":{"start":{"line":1,"column":17},"end":{"line":11,"column":1}},"1":{"start":{"line":13,"column":0},"end":{"line":13,"column":25}}},"fnMap":{},"branchMap":{},"s":{"0":1,"1":1},"f":{},"b":{},"_coverageSchema":"1a1c01bbd47fc00a2c39e90264f33305004495a9","hash":"282a1b79e05ce3743bba7e351d1bc38bb8adada0"}
,"C:\\Users\\user\\Documents\\PROGRAMACION\\Backend\\Desafíos\\desafios2\\__test__\\__mock__\\fake-messageModel.js": {"path":"C:\\Users\\user\\Documents\\PROGRAMACION\\Backend\\Desafíos\\desafios2\\__test__\\__mock__\\fake-messageModel.js","statementMap":{"0":{"start":{"line":1,"column":0},"end":{"line":27,"column":1}},"1":{"start":{"line":3,"column":8},"end":{"line":3,"column":24}},"2":{"start":{"line":6,"column":11},"end":{"line":15,"column":5}},"3":{"start":{"line":7,"column":23},"end":{"line":7,"column":27}},"4":{"start":{"line":8,"column":8},"end":{"line":14,"column":10}},"5":{"start":{"line":9,"column":12},"end":{"line":13,"column":13}},"6":{"start":{"line":10,"column":16},"end":{"line":10,"column":29}},"7":{"start":{"line":12,"column":16},"end":{"line":12,"column":58}},"8":{"start":{"line":17,"column":13},"end":{"line":26,"column":5}},"9":{"start":{"line":18,"column":23},"end":{"line":18,"column":27}},"10":{"start":{"line":19,"column":8},"end":{"line":25,"column":10}},"11":{"start":{"line":20,"column":12},"end":{"line":24,"column":13}},"12":{"start":{"line":21,"column":16},"end":{"line":21,"column":29}},"13":{"start":{"line":23,"column":16},"end":{"line":23,"column":57}}},"fnMap":{"0":{"name":"(anonymous_0)","decl":{"start":{"line":2,"column":4},"end":{"line":2,"column":5}},"loc":{"start":{"line":2,"column":22},"end":{"line":4,"column":5}},"line":2},"1":{"name":"(anonymous_1)","decl":{"start":{"line":6,"column":11},"end":{"line":6,"column":12}},"loc":{"start":{"line":6,"column":23},"end":{"line":15,"column":5}},"line":6},"2":{"name":"(anonymous_2)","decl":{"start":{"line":8,"column":27},"end":{"line":8,"column":28}},"loc":{"start":{"line":8,"column":53},"end":{"line":14,"column":9}},"line":8},"3":{"name":"(anonymous_3)","decl":{"start":{"line":17,"column":13},"end":{"line":17,"column":14}},"loc":{"start":{"line":17,"column":32},"end":{"line":26,"column":5}},"line":17},"4":{"name":"(anonymous_4)","decl":{"start":{"line":19,"column":27},"end":{"line":19,"column":28}},"loc":{"start":{"line":19,"column":53},"end":{"line":25,"column":9}},"line":19}},"branchMap":{"0":{"loc":{"start":{"line":9,"column":12},"end":{"line":13,"column":13}},"type":"if","locations":[{"start":{"line":9,"column":12},"end":{"line":13,"column":13}},{"start":{"line":11,"column":19},"end":{"line":13,"column":13}}],"line":9},"1":{"loc":{"start":{"line":20,"column":12},"end":{"line":24,"column":13}},"type":"if","locations":[{"start":{"line":20,"column":12},"end":{"line":24,"column":13}},{"start":{"line":22,"column":19},"end":{"line":24,"column":13}}],"line":20}},"s":{"0":1,"1":3,"2":3,"3":2,"4":2,"5":2,"6":2,"7":0,"8":3,"9":1,"10":1,"11":1,"12":1,"13":0},"f":{"0":3,"1":2,"2":2,"3":1,"4":1},"b":{"0":[2,0],"1":[1,0]},"_coverageSchema":"1a1c01bbd47fc00a2c39e90264f33305004495a9","hash":"a04f8de47a73e35b9a58409e2147bd54341e28ef"}
,"C:\\Users\\user\\Documents\\PROGRAMACION\\Backend\\Desafíos\\desafios2\\__test__\\__mock__\\fake-messages-empty.js": {"path":"C:\\Users\\user\\Documents\\PROGRAMACION\\Backend\\Desafíos\\desafios2\\__test__\\__mock__\\fake-messages-empty.js","statementMap":{"0":{"start":{"line":1,"column":17},"end":{"line":1,"column":19}},"1":{"start":{"line":3,"column":0},"end":{"line":3,"column":25}}},"fnMap":{},"branchMap":{},"s":{"0":1,"1":1},"f":{},"b":{},"_coverageSchema":"1a1c01bbd47fc00a2c39e90264f33305004495a9","hash":"013554e9145dcb0c44084b7b6ff2a0a9f24ec3de"}
,"C:\\Users\\user\\Documents\\PROGRAMACION\\Backend\\Desafíos\\desafios2\\__test__\\__mock__\\fake-messages-list.js": {"path":"C:\\Users\\user\\Documents\\PROGRAMACION\\Backend\\Desafíos\\desafios2\\__test__\\__mock__\\fake-messages-list.js","statementMap":{"0":{"start":{"line":1,"column":17},"end":{"line":24,"column":1}},"1":{"start":{"line":26,"column":0},"end":{"line":26,"column":25}}},"fnMap":{},"branchMap":{},"s":{"0":1,"1":1},"f":{},"b":{},"_coverageSchema":"1a1c01bbd47fc00a2c39e90264f33305004495a9","hash":"c18778e35186424242b29550aef928aa50dc076d"}
,"C:\\Users\\user\\Documents\\PROGRAMACION\\Backend\\Desafíos\\desafios2\\src\\services\\message.js": {"path":"C:\\Users\\user\\Documents\\PROGRAMACION\\Backend\\Desafíos\\desafios2\\src\\services\\message.js","statementMap":{"0":{"start":{"line":3,"column":0},"end":{"line":44,"column":1}},"1":{"start":{"line":5,"column":8},"end":{"line":5,"column":26}},"2":{"start":{"line":9,"column":8},"end":{"line":14,"column":9}},"3":{"start":{"line":10,"column":27},"end":{"line":10,"column":59}},"4":{"start":{"line":11,"column":12},"end":{"line":11,"column":25}},"5":{"start":{"line":13,"column":12},"end":{"line":13,"column":30}},"6":{"start":{"line":18,"column":8},"end":{"line":23,"column":9}},"7":{"start":{"line":19,"column":23},"end":{"line":19,"column":46}},"8":{"start":{"line":20,"column":12},"end":{"line":20,"column":23}},"9":{"start":{"line":22,"column":12},"end":{"line":22,"column":30}},"10":{"start":{"line":27,"column":8},"end":{"line":34,"column":9}},"11":{"start":{"line":28,"column":35},"end":{"line":30,"column":14}},"12":{"start":{"line":31,"column":12},"end":{"line":31,"column":33}},"13":{"start":{"line":33,"column":12},"end":{"line":33,"column":30}},"14":{"start":{"line":38,"column":8},"end":{"line":42,"column":9}},"15":{"start":{"line":39,"column":12},"end":{"line":39,"column":50}},"16":{"start":{"line":41,"column":12},"end":{"line":41,"column":30}}},"fnMap":{"0":{"name":"(anonymous_0)","decl":{"start":{"line":4,"column":4},"end":{"line":4,"column":5}},"loc":{"start":{"line":4,"column":23},"end":{"line":6,"column":5}},"line":4},"1":{"name":"(anonymous_1)","decl":{"start":{"line":8,"column":4},"end":{"line":8,"column":5}},"loc":{"start":{"line":8,"column":32},"end":{"line":15,"column":5}},"line":8},"2":{"name":"(anonymous_2)","decl":{"start":{"line":17,"column":4},"end":{"line":17,"column":5}},"loc":{"start":{"line":17,"column":26},"end":{"line":24,"column":5}},"line":17},"3":{"name":"(anonymous_3)","decl":{"start":{"line":26,"column":4},"end":{"line":26,"column":5}},"loc":{"start":{"line":26,"column":33},"end":{"line":35,"column":5}},"line":26},"4":{"name":"(anonymous_4)","decl":{"start":{"line":37,"column":4},"end":{"line":37,"column":5}},"loc":{"start":{"line":37,"column":27},"end":{"line":43,"column":5}},"line":37}},"branchMap":{},"s":{"0":1,"1":3,"2":1,"3":1,"4":1,"5":0,"6":2,"7":2,"8":2,"9":0,"10":0,"11":0,"12":0,"13":0,"14":0,"15":0,"16":0},"f":{"0":3,"1":1,"2":2,"3":0,"4":0},"b":{},"_coverageSchema":"1a1c01bbd47fc00a2c39e90264f33305004495a9","hash":"286261a49206ca013838f169e5ddfe3c57a15f45"}
}
