{"C:\\Users\\user\\Documents\\PROGRAMACION\\Backend\\Desafíos\\desafios2\\__test__\\__mock__\\fake-message-new.js": {"path":"C:\\Users\\user\\Documents\\PROGRAMACION\\Backend\\Desafíos\\desafios2\\__test__\\__mock__\\fake-message-new.js","statementMap":{"0":{"start":{"line":1,"column":17},"end":{"line":11,"column":1}},"1":{"start":{"line":13,"column":0},"end":{"line":13,"column":25}}},"fnMap":{},"branchMap":{},"s":{"0":1,"1":1},"f":{},"b":{},"_coverageSchema":"1a1c01bbd47fc00a2c39e90264f33305004495a9","hash":"282a1b79e05ce3743bba7e351d1bc38bb8adada0"}
,"C:\\Users\\user\\Documents\\PROGRAMACION\\Backend\\Desafíos\\desafios2\\__test__\\__mock__\\fake-message-updated.js": {"path":"C:\\Users\\user\\Documents\\PROGRAMACION\\Backend\\Desafíos\\desafios2\\__test__\\__mock__\\fake-message-updated.js","statementMap":{"0":{"start":{"line":1,"column":17},"end":{"line":11,"column":1}},"1":{"start":{"line":13,"column":0},"end":{"line":13,"column":25}}},"fnMap":{},"branchMap":{},"s":{"0":1,"1":1},"f":{},"b":{},"_coverageSchema":"1a1c01bbd47fc00a2c39e90264f33305004495a9","hash":"8c626b8ead4267b8ac2f2ed8badf5035f51d9950"}
,"C:\\Users\\user\\Documents\\PROGRAMACION\\Backend\\Desafíos\\desafios2\\__test__\\__mock__\\fake-messageModel.js": {"path":"C:\\Users\\user\\Documents\\PROGRAMACION\\Backend\\Desafíos\\desafios2\\__test__\\__mock__\\fake-messageModel.js","statementMap":{"0":{"start":{"line":1,"column":13},"end":{"line":3,"column":1}},"1":{"start":{"line":2,"column":4},"end":{"line":2,"column":15}},"2":{"start":{"line":5,"column":0},"end":{"line":46,"column":1}},"3":{"start":{"line":7,"column":8},"end":{"line":7,"column":24}},"4":{"start":{"line":10,"column":11},"end":{"line":21,"column":5}},"5":{"start":{"line":11,"column":36},"end":{"line":11,"column":45}},"6":{"start":{"line":12,"column":8},"end":{"line":20,"column":10}},"7":{"start":{"line":13,"column":12},"end":{"line":19,"column":13}},"8":{"start":{"line":14,"column":16},"end":{"line":16,"column":18}},"9":{"start":{"line":15,"column":20},"end":{"line":15,"column":29}},"10":{"start":{"line":18,"column":16},"end":{"line":18,"column":58}},"11":{"start":{"line":23,"column":24},"end":{"line":34,"column":5}},"12":{"start":{"line":24,"column":39},"end":{"line":24,"column":48}},"13":{"start":{"line":25,"column":8},"end":{"line":33,"column":10}},"14":{"start":{"line":26,"column":12},"end":{"line":32,"column":13}},"15":{"start":{"line":27,"column":16},"end":{"line":29,"column":36}},"16":{"start":{"line":28,"column":20},"end":{"line":28,"column":47}},"17":{"start":{"line":29,"column":23},"end":{"line":29,"column":36}},"18":{"start":{"line":31,"column":16},"end":{"line":31,"column":57}},"19":{"start":{"line":36,"column":13},"end":{"line":45,"column":5}},"20":{"start":{"line":37,"column":35},"end":{"line":37,"column":44}},"21":{"start":{"line":38,"column":8},"end":{"line":44,"column":10}},"22":{"start":{"line":39,"column":12},"end":{"line":43,"column":13}},"23":{"start":{"line":40,"column":16},"end":{"line":40,"column":39}},"24":{"start":{"line":42,"column":16},"end":{"line":42,"column":57}}},"fnMap":{"0":{"name":"(anonymous_0)","decl":{"start":{"line":1,"column":13},"end":{"line":1,"column":14}},"loc":{"start":{"line":1,"column":21},"end":{"line":3,"column":1}},"line":1},"1":{"name":"(anonymous_1)","decl":{"start":{"line":6,"column":4},"end":{"line":6,"column":5}},"loc":{"start":{"line":6,"column":22},"end":{"line":8,"column":5}},"line":6},"2":{"name":"(anonymous_2)","decl":{"start":{"line":10,"column":11},"end":{"line":10,"column":12}},"loc":{"start":{"line":10,"column":23},"end":{"line":21,"column":5}},"line":10},"3":{"name":"(anonymous_3)","decl":{"start":{"line":12,"column":27},"end":{"line":12,"column":28}},"loc":{"start":{"line":12,"column":53},"end":{"line":20,"column":9}},"line":12},"4":{"name":"(anonymous_4)","decl":{"start":{"line":14,"column":46},"end":{"line":14,"column":47}},"loc":{"start":{"line":14,"column":53},"end":{"line":16,"column":17}},"line":14},"5":{"name":"(anonymous_5)","decl":{"start":{"line":23,"column":24},"end":{"line":23,"column":25}},"loc":{"start":{"line":23,"column":53},"end":{"line":34,"column":5}},"line":23},"6":{"name":"(anonymous_6)","decl":{"start":{"line":25,"column":27},"end":{"line":25,"column":28}},"loc":{"start":{"line":25,"column":53},"end":{"line":33,"column":9}},"line":25},"7":{"name":"(anonymous_7)","decl":{"start":{"line":36,"column":13},"end":{"line":36,"column":14}},"loc":{"start":{"line":36,"column":32},"end":{"line":45,"column":5}},"line":36},"8":{"name":"(anonymous_8)","decl":{"start":{"line":38,"column":27},"end":{"line":38,"column":28}},"loc":{"start":{"line":38,"column":53},"end":{"line":44,"column":9}},"line":38}},"branchMap":{"0":{"loc":{"start":{"line":13,"column":12},"end":{"line":19,"column":13}},"type":"if","locations":[{"start":{"line":13,"column":12},"end":{"line":19,"column":13}},{"start":{"line":17,"column":19},"end":{"line":19,"column":13}}],"line":13},"1":{"loc":{"start":{"line":26,"column":12},"end":{"line":32,"column":13}},"type":"if","locations":[{"start":{"line":26,"column":12},"end":{"line":32,"column":13}},{"start":{"line":30,"column":19},"end":{"line":32,"column":13}}],"line":26},"2":{"loc":{"start":{"line":27,"column":16},"end":{"line":29,"column":36}},"type":"if","locations":[{"start":{"line":27,"column":16},"end":{"line":29,"column":36}},{"start":{"line":29,"column":23},"end":{"line":29,"column":36}}],"line":27},"3":{"loc":{"start":{"line":39,"column":12},"end":{"line":43,"column":13}},"type":"if","locations":[{"start":{"line":39,"column":12},"end":{"line":43,"column":13}},{"start":{"line":41,"column":19},"end":{"line":43,"column":13}}],"line":39}},"s":{"0":1,"1":0,"2":1,"3":1,"4":1,"5":1,"6":1,"7":1,"8":1,"9":0,"10":0,"11":1,"12":1,"13":1,"14":1,"15":1,"16":1,"17":0,"18":0,"19":1,"20":1,"21":1,"22":1,"23":1,"24":0},"f":{"0":0,"1":1,"2":1,"3":1,"4":0,"5":1,"6":1,"7":1,"8":1},"b":{"0":[1,0],"1":[1,0],"2":[1,0],"3":[1,0]},"_coverageSchema":"1a1c01bbd47fc00a2c39e90264f33305004495a9","hash":"5e7d19fc97bb422e5cc2fd17c6cb539ace3d14b9"}
,"C:\\Users\\user\\Documents\\PROGRAMACION\\Backend\\Desafíos\\desafios2\\__test__\\__mock__\\fake-messages-list.js": {"path":"C:\\Users\\user\\Documents\\PROGRAMACION\\Backend\\Desafíos\\desafios2\\__test__\\__mock__\\fake-messages-list.js","statementMap":{"0":{"start":{"line":1,"column":17},"end":{"line":24,"column":1}},"1":{"start":{"line":26,"column":0},"end":{"line":26,"column":25}}},"fnMap":{},"branchMap":{},"s":{"0":1,"1":1},"f":{},"b":{},"_coverageSchema":"1a1c01bbd47fc00a2c39e90264f33305004495a9","hash":"c18778e35186424242b29550aef928aa50dc076d"}
,"C:\\Users\\user\\Documents\\PROGRAMACION\\Backend\\Desafíos\\desafios2\\__test__\\__mock__\\index.js": {"path":"C:\\Users\\user\\Documents\\PROGRAMACION\\Backend\\Desafíos\\desafios2\\__test__\\__mock__\\index.js","statementMap":{"0":{"start":{"line":1,"column":24},"end":{"line":1,"column":55}},"1":{"start":{"line":2,"column":23},"end":{"line":2,"column":52}},"2":{"start":{"line":3,"column":27},"end":{"line":3,"column":60}},"3":{"start":{"line":5,"column":0},"end":{"line":9,"column":1}}},"fnMap":{},"branchMap":{},"s":{"0":1,"1":1,"2":1,"3":1},"f":{},"b":{},"_coverageSchema":"1a1c01bbd47fc00a2c39e90264f33305004495a9","hash":"a50426c543372dd30ccae648120aa7eee4293978"}
,"C:\\Users\\user\\Documents\\PROGRAMACION\\Backend\\Desafíos\\desafios2\\src\\config\\globals.js": {"path":"C:\\Users\\user\\Documents\\PROGRAMACION\\Backend\\Desafíos\\desafios2\\src\\config\\globals.js","statementMap":{"0":{"start":{"line":1,"column":0},"end":{"line":1,"column":26}},"1":{"start":{"line":3,"column":0},"end":{"line":16,"column":1}}},"fnMap":{},"branchMap":{"0":{"loc":{"start":{"line":4,"column":20},"end":{"line":4,"column":45}},"type":"binary-expr","locations":[{"start":{"line":4,"column":20},"end":{"line":4,"column":35}},{"start":{"line":4,"column":39},"end":{"line":4,"column":45}}],"line":4},"1":{"loc":{"start":{"line":5,"column":10},"end":{"line":5,"column":53}},"type":"binary-expr","locations":[{"start":{"line":5,"column":10},"end":{"line":5,"column":25}},{"start":{"line":5,"column":29},"end":{"line":5,"column":45}},{"start":{"line":5,"column":49},"end":{"line":5,"column":53}}],"line":5},"2":{"loc":{"start":{"line":6,"column":14},"end":{"line":6,"column":51}},"type":"binary-expr","locations":[{"start":{"line":6,"column":14},"end":{"line":6,"column":34}},{"start":{"line":6,"column":38},"end":{"line":6,"column":51}}],"line":6},"3":{"loc":{"start":{"line":7,"column":15},"end":{"line":7,"column":42}},"type":"binary-expr","locations":[{"start":{"line":7,"column":15},"end":{"line":7,"column":36}},{"start":{"line":7,"column":40},"end":{"line":7,"column":42}}],"line":7},"4":{"loc":{"start":{"line":8,"column":20},"end":{"line":8,"column":58}},"type":"binary-expr","locations":[{"start":{"line":8,"column":20},"end":{"line":8,"column":46}},{"start":{"line":8,"column":50},"end":{"line":8,"column":58}}],"line":8},"5":{"loc":{"start":{"line":9,"column":20},"end":{"line":9,"column":84}},"type":"binary-expr","locations":[{"start":{"line":9,"column":20},"end":{"line":9,"column":35}},{"start":{"line":9,"column":39},"end":{"line":9,"column":65}},{"start":{"line":9,"column":69},"end":{"line":9,"column":84}}],"line":9},"6":{"loc":{"start":{"line":10,"column":24},"end":{"line":10,"column":111}},"type":"binary-expr","locations":[{"start":{"line":10,"column":24},"end":{"line":10,"column":39}},{"start":{"line":10,"column":43},"end":{"line":10,"column":73}},{"start":{"line":10,"column":77},"end":{"line":10,"column":111}}],"line":10}},"s":{"0":1,"1":1},"f":{},"b":{"0":[1,0],"1":[1,1,0],"2":[1,0],"3":[1,0],"4":[1,0],"5":[1,1,0],"6":[1,1,0]},"_coverageSchema":"1a1c01bbd47fc00a2c39e90264f33305004495a9","hash":"747ac421d340983405bd1c725fa6a04f2450fe28"}
,"C:\\Users\\user\\Documents\\PROGRAMACION\\Backend\\Desafíos\\desafios2\\src\\dal\\models\\index.js": {"path":"C:\\Users\\user\\Documents\\PROGRAMACION\\Backend\\Desafíos\\desafios2\\src\\dal\\models\\index.js","statementMap":{"0":{"start":{"line":1,"column":21},"end":{"line":1,"column":52}},"1":{"start":{"line":2,"column":19},"end":{"line":2,"column":39}},"2":{"start":{"line":3,"column":16},"end":{"line":3,"column":35}},"3":{"start":{"line":4,"column":19},"end":{"line":4,"column":39}},"4":{"start":{"line":7,"column":0},"end":{"line":11,"column":1}},"5":{"start":{"line":8,"column":29},"end":{"line":8,"column":84}},"6":{"start":{"line":9,"column":21},"end":{"line":9,"column":58}},"7":{"start":{"line":10,"column":4},"end":{"line":10,"column":49}},"8":{"start":{"line":13,"column":0},"end":{"line":17,"column":1}}},"fnMap":{},"branchMap":{"0":{"loc":{"start":{"line":7,"column":0},"end":{"line":11,"column":1}},"type":"if","locations":[{"start":{"line":7,"column":0},"end":{"line":11,"column":1}},{"start":{},"end":{}}],"line":7}},"s":{"0":1,"1":1,"2":1,"3":1,"4":1,"5":1,"6":1,"7":1,"8":1},"f":{},"b":{"0":[1,0]},"_coverageSchema":"1a1c01bbd47fc00a2c39e90264f33305004495a9","hash":"36ce9f2a52de54b313c58f9998aca2fa6d235e6a"}
,"C:\\Users\\user\\Documents\\PROGRAMACION\\Backend\\Desafíos\\desafios2\\src\\dal\\models\\message.js": {"path":"C:\\Users\\user\\Documents\\PROGRAMACION\\Backend\\Desafíos\\desafios2\\src\\dal\\models\\message.js","statementMap":{"0":{"start":{"line":1,"column":24},"end":{"line":1,"column":43}},"1":{"start":{"line":3,"column":22},"end":{"line":13,"column":31}},"2":{"start":{"line":15,"column":0},"end":{"line":15,"column":48}}},"fnMap":{},"branchMap":{},"s":{"0":1,"1":1,"2":1},"f":{},"b":{},"_coverageSchema":"1a1c01bbd47fc00a2c39e90264f33305004495a9","hash":"36388637aebe0e5e59f3105d4cc6be51f87a54e6"}
,"C:\\Users\\user\\Documents\\PROGRAMACION\\Backend\\Desafíos\\desafios2\\src\\dal\\models\\product.js": {"path":"C:\\Users\\user\\Documents\\PROGRAMACION\\Backend\\Desafíos\\desafios2\\src\\dal\\models\\product.js","statementMap":{"0":{"start":{"line":1,"column":24},"end":{"line":1,"column":43}},"1":{"start":{"line":3,"column":22},"end":{"line":7,"column":29}},"2":{"start":{"line":9,"column":0},"end":{"line":9,"column":48}}},"fnMap":{},"branchMap":{},"s":{"0":1,"1":1,"2":1},"f":{},"b":{},"_coverageSchema":"1a1c01bbd47fc00a2c39e90264f33305004495a9","hash":"3b416b652907327cfd426c52c745ccdc835d04df"}
,"C:\\Users\\user\\Documents\\PROGRAMACION\\Backend\\Desafíos\\desafios2\\src\\dal\\models\\userFb.js": {"path":"C:\\Users\\user\\Documents\\PROGRAMACION\\Backend\\Desafíos\\desafios2\\src\\dal\\models\\userFb.js","statementMap":{"0":{"start":{"line":1,"column":25},"end":{"line":1,"column":44}},"1":{"start":{"line":2,"column":21},"end":{"line":2,"column":53}},"2":{"start":{"line":4,"column":21},"end":{"line":10,"column":23}},"3":{"start":{"line":12,"column":0},"end":{"line":12,"column":46}}},"fnMap":{},"branchMap":{},"s":{"0":1,"1":1,"2":1,"3":1},"f":{},"b":{},"_coverageSchema":"1a1c01bbd47fc00a2c39e90264f33305004495a9","hash":"a4776082e31e035f181f5ccaac988c600cf120b0"}
,"C:\\Users\\user\\Documents\\PROGRAMACION\\Backend\\Desafíos\\desafios2\\src\\dal\\repositories\\baseRepository.js": {"path":"C:\\Users\\user\\Documents\\PROGRAMACION\\Backend\\Desafíos\\desafios2\\src\\dal\\repositories\\baseRepository.js","statementMap":{"0":{"start":{"line":1,"column":23},"end":{"line":26,"column":2}},"1":{"start":{"line":1,"column":35},"end":{"line":26,"column":1}},"2":{"start":{"line":3,"column":25},"end":{"line":3,"column":43}},"3":{"start":{"line":4,"column":8},"end":{"line":4,"column":23}},"4":{"start":{"line":8,"column":24},"end":{"line":8,"column":48}},"5":{"start":{"line":9,"column":8},"end":{"line":9,"column":22}},"6":{"start":{"line":13,"column":27},"end":{"line":13,"column":54}},"7":{"start":{"line":14,"column":8},"end":{"line":14,"column":25}},"8":{"start":{"line":18,"column":31},"end":{"line":18,"column":70}},"9":{"start":{"line":19,"column":8},"end":{"line":19,"column":29}},"10":{"start":{"line":23,"column":31},"end":{"line":23,"column":64}},"11":{"start":{"line":24,"column":8},"end":{"line":24,"column":29}},"12":{"start":{"line":28,"column":0},"end":{"line":28,"column":31}}},"fnMap":{"0":{"name":"(anonymous_0)","decl":{"start":{"line":1,"column":23},"end":{"line":1,"column":24}},"loc":{"start":{"line":1,"column":35},"end":{"line":26,"column":1}},"line":1},"1":{"name":"(anonymous_1)","decl":{"start":{"line":2,"column":4},"end":{"line":2,"column":5}},"loc":{"start":{"line":2,"column":19},"end":{"line":5,"column":5}},"line":2},"2":{"name":"(anonymous_2)","decl":{"start":{"line":7,"column":4},"end":{"line":7,"column":5}},"loc":{"start":{"line":7,"column":22},"end":{"line":10,"column":5}},"line":7},"3":{"name":"(anonymous_3)","decl":{"start":{"line":12,"column":4},"end":{"line":12,"column":5}},"loc":{"start":{"line":12,"column":26},"end":{"line":15,"column":5}},"line":12},"4":{"name":"(anonymous_4)","decl":{"start":{"line":17,"column":4},"end":{"line":17,"column":5}},"loc":{"start":{"line":17,"column":27},"end":{"line":20,"column":5}},"line":17},"5":{"name":"(anonymous_5)","decl":{"start":{"line":22,"column":4},"end":{"line":22,"column":5}},"loc":{"start":{"line":22,"column":21},"end":{"line":25,"column":5}},"line":22}},"branchMap":{},"s":{"0":1,"1":1,"2":1,"3":1,"4":0,"5":0,"6":1,"7":1,"8":1,"9":1,"10":0,"11":0,"12":1},"f":{"0":1,"1":1,"2":0,"3":1,"4":1,"5":0},"b":{},"_coverageSchema":"1a1c01bbd47fc00a2c39e90264f33305004495a9","hash":"4127fcb992f8ffe3289a956adc6a40252dfe41f7"}
,"C:\\Users\\user\\Documents\\PROGRAMACION\\Backend\\Desafíos\\desafios2\\src\\dal\\repositories\\index.js": {"path":"C:\\Users\\user\\Documents\\PROGRAMACION\\Backend\\Desafíos\\desafios2\\src\\dal\\repositories\\index.js","statementMap":{"0":{"start":{"line":1,"column":25},"end":{"line":1,"column":45}},"1":{"start":{"line":2,"column":26},"end":{"line":2,"column":56}},"2":{"start":{"line":4,"column":0},"end":{"line":6,"column":1}}},"fnMap":{},"branchMap":{},"s":{"0":1,"1":1,"2":1},"f":{},"b":{},"_coverageSchema":"1a1c01bbd47fc00a2c39e90264f33305004495a9","hash":"31f01e284d0e078915833a2be0f8fc58d3a1d991"}
,"C:\\Users\\user\\Documents\\PROGRAMACION\\Backend\\Desafíos\\desafios2\\src\\dal\\repositories\\messageRepository.js": {"path":"C:\\Users\\user\\Documents\\PROGRAMACION\\Backend\\Desafíos\\desafios2\\src\\dal\\repositories\\messageRepository.js","statementMap":{"0":{"start":{"line":1,"column":23},"end":{"line":1,"column":50}},"1":{"start":{"line":3,"column":26},"end":{"line":9,"column":2}},"2":{"start":{"line":3,"column":37},"end":{"line":9,"column":1}},"3":{"start":{"line":6,"column":25},"end":{"line":6,"column":50}},"4":{"start":{"line":7,"column":8},"end":{"line":7,"column":23}},"5":{"start":{"line":11,"column":0},"end":{"line":11,"column":34}}},"fnMap":{"0":{"name":"(anonymous_0)","decl":{"start":{"line":3,"column":26},"end":{"line":3,"column":27}},"loc":{"start":{"line":3,"column":37},"end":{"line":9,"column":1}},"line":3},"1":{"name":"(anonymous_1)","decl":{"start":{"line":5,"column":4},"end":{"line":5,"column":5}},"loc":{"start":{"line":5,"column":23},"end":{"line":8,"column":5}},"line":5}},"branchMap":{},"s":{"0":1,"1":1,"2":1,"3":0,"4":0,"5":1},"f":{"0":1,"1":0},"b":{},"_coverageSchema":"1a1c01bbd47fc00a2c39e90264f33305004495a9","hash":"ba7a92c22b746e143ccdabd37750eb99bd2f10b1"}
,"C:\\Users\\user\\Documents\\PROGRAMACION\\Backend\\Desafíos\\desafios2\\src\\services\\index.js": {"path":"C:\\Users\\user\\Documents\\PROGRAMACION\\Backend\\Desafíos\\desafios2\\src\\services\\index.js","statementMap":{"0":{"start":{"line":1,"column":23},"end":{"line":1,"column":50}},"1":{"start":{"line":2,"column":23},"end":{"line":2,"column":50}},"2":{"start":{"line":3,"column":28},"end":{"line":3,"column":60}},"3":{"start":{"line":4,"column":15},"end":{"line":4,"column":39}},"4":{"start":{"line":5,"column":30},"end":{"line":5,"column":60}},"5":{"start":{"line":8,"column":0},"end":{"line":12,"column":1}}},"fnMap":{},"branchMap":{},"s":{"0":1,"1":1,"2":1,"3":1,"4":1,"5":1},"f":{},"b":{},"_coverageSchema":"1a1c01bbd47fc00a2c39e90264f33305004495a9","hash":"922c1e7380ce80f13c3d0b6d2d136e3a9dff95cb"}
,"C:\\Users\\user\\Documents\\PROGRAMACION\\Backend\\Desafíos\\desafios2\\src\\services\\messageService.js": {"path":"C:\\Users\\user\\Documents\\PROGRAMACION\\Backend\\Desafíos\\desafios2\\src\\services\\messageService.js","statementMap":{"0":{"start":{"line":1,"column":21},"end":{"line":1,"column":49}},"1":{"start":{"line":5,"column":8},"end":{"line":5,"column":36}},"2":{"start":{"line":9,"column":8},"end":{"line":14,"column":9}},"3":{"start":{"line":10,"column":27},"end":{"line":10,"column":64}},"4":{"start":{"line":11,"column":12},"end":{"line":11,"column":25}},"5":{"start":{"line":13,"column":12},"end":{"line":13,"column":30}},"6":{"start":{"line":18,"column":8},"end":{"line":28,"column":9}},"7":{"start":{"line":19,"column":12},"end":{"line":25,"column":13}},"8":{"start":{"line":20,"column":29},"end":{"line":20,"column":59}},"9":{"start":{"line":21,"column":16},"end":{"line":21,"column":27}},"10":{"start":{"line":23,"column":29},"end":{"line":23,"column":63}},"11":{"start":{"line":24,"column":16},"end":{"line":24,"column":27}},"12":{"start":{"line":27,"column":12},"end":{"line":27,"column":30}},"13":{"start":{"line":32,"column":8},"end":{"line":39,"column":9}},"14":{"start":{"line":33,"column":35},"end":{"line":35,"column":14}},"15":{"start":{"line":36,"column":12},"end":{"line":36,"column":33}},"16":{"start":{"line":38,"column":12},"end":{"line":38,"column":30}},"17":{"start":{"line":43,"column":8},"end":{"line":47,"column":9}},"18":{"start":{"line":44,"column":12},"end":{"line":44,"column":44}},"19":{"start":{"line":46,"column":12},"end":{"line":46,"column":30}},"20":{"start":{"line":51,"column":0},"end":{"line":51,"column":31}}},"fnMap":{"0":{"name":"(anonymous_0)","decl":{"start":{"line":4,"column":4},"end":{"line":4,"column":5}},"loc":{"start":{"line":4,"column":29},"end":{"line":6,"column":5}},"line":4},"1":{"name":"(anonymous_1)","decl":{"start":{"line":8,"column":4},"end":{"line":8,"column":5}},"loc":{"start":{"line":8,"column":32},"end":{"line":15,"column":5}},"line":8},"2":{"name":"(anonymous_2)","decl":{"start":{"line":17,"column":4},"end":{"line":17,"column":5}},"loc":{"start":{"line":17,"column":26},"end":{"line":29,"column":5}},"line":17},"3":{"name":"(anonymous_3)","decl":{"start":{"line":31,"column":4},"end":{"line":31,"column":5}},"loc":{"start":{"line":31,"column":33},"end":{"line":40,"column":5}},"line":31},"4":{"name":"(anonymous_4)","decl":{"start":{"line":42,"column":4},"end":{"line":42,"column":5}},"loc":{"start":{"line":42,"column":27},"end":{"line":48,"column":5}},"line":42}},"branchMap":{"0":{"loc":{"start":{"line":19,"column":12},"end":{"line":25,"column":13}},"type":"if","locations":[{"start":{"line":19,"column":12},"end":{"line":25,"column":13}},{"start":{"line":22,"column":19},"end":{"line":25,"column":13}}],"line":19}},"s":{"0":1,"1":1,"2":1,"3":1,"4":1,"5":0,"6":1,"7":1,"8":1,"9":1,"10":0,"11":0,"12":0,"13":1,"14":1,"15":1,"16":0,"17":0,"18":0,"19":0,"20":1},"f":{"0":1,"1":1,"2":1,"3":1,"4":0},"b":{"0":[1,0]},"_coverageSchema":"1a1c01bbd47fc00a2c39e90264f33305004495a9","hash":"4a07b77a768c9b3b0b4dbbe6e4285d38d17a5a82"}
,"C:\\Users\\user\\Documents\\PROGRAMACION\\Backend\\Desafíos\\desafios2\\src\\services\\notificationService.js": {"path":"C:\\Users\\user\\Documents\\PROGRAMACION\\Backend\\Desafíos\\desafios2\\src\\services\\notificationService.js","statementMap":{"0":{"start":{"line":1,"column":19},"end":{"line":1,"column":40}},"1":{"start":{"line":2,"column":15},"end":{"line":2,"column":32}},"2":{"start":{"line":3,"column":87},"end":{"line":3,"column":115}},"3":{"start":{"line":4,"column":21},"end":{"line":4,"column":77}},"4":{"start":{"line":6,"column":28},"end":{"line":18,"column":2}},"5":{"start":{"line":20,"column":25},"end":{"line":32,"column":2}},"6":{"start":{"line":34,"column":21},"end":{"line":41,"column":1}},"7":{"start":{"line":35,"column":4},"end":{"line":40,"column":6}},"8":{"start":{"line":43,"column":18},"end":{"line":56,"column":1}},"9":{"start":{"line":44,"column":4},"end":{"line":55,"column":6}},"10":{"start":{"line":60,"column":8},"end":{"line":72,"column":9}},"11":{"start":{"line":61,"column":12},"end":{"line":61,"column":47}},"12":{"start":{"line":63,"column":12},"end":{"line":69,"column":13}},"13":{"start":{"line":64,"column":16},"end":{"line":68,"column":17}},"14":{"start":{"line":65,"column":20},"end":{"line":65,"column":59}},"15":{"start":{"line":67,"column":20},"end":{"line":67,"column":64}},"16":{"start":{"line":71,"column":12},"end":{"line":71,"column":59}},"17":{"start":{"line":76,"column":8},"end":{"line":85,"column":9}},"18":{"start":{"line":77,"column":12},"end":{"line":81,"column":14}},"19":{"start":{"line":82,"column":12},"end":{"line":82,"column":42}},"20":{"start":{"line":84,"column":12},"end":{"line":84,"column":56}},"21":{"start":{"line":89,"column":0},"end":{"line":89,"column":36}}},"fnMap":{"0":{"name":"(anonymous_0)","decl":{"start":{"line":34,"column":21},"end":{"line":34,"column":22}},"loc":{"start":{"line":34,"column":48},"end":{"line":41,"column":1}},"line":34},"1":{"name":"(anonymous_1)","decl":{"start":{"line":43,"column":18},"end":{"line":43,"column":19}},"loc":{"start":{"line":43,"column":52},"end":{"line":56,"column":1}},"line":43},"2":{"name":"(anonymous_2)","decl":{"start":{"line":59,"column":4},"end":{"line":59,"column":5}},"loc":{"start":{"line":59,"column":52},"end":{"line":73,"column":5}},"line":59},"3":{"name":"(anonymous_3)","decl":{"start":{"line":75,"column":4},"end":{"line":75,"column":5}},"loc":{"start":{"line":75,"column":36},"end":{"line":86,"column":5}},"line":75}},"branchMap":{"0":{"loc":{"start":{"line":63,"column":12},"end":{"line":69,"column":13}},"type":"if","locations":[{"start":{"line":63,"column":12},"end":{"line":69,"column":13}},{"start":{},"end":{}}],"line":63},"1":{"loc":{"start":{"line":63,"column":16},"end":{"line":63,"column":51}},"type":"binary-expr","locations":[{"start":{"line":63,"column":16},"end":{"line":63,"column":33}},{"start":{"line":63,"column":37},"end":{"line":63,"column":42}},{"start":{"line":63,"column":46},"end":{"line":63,"column":51}}],"line":63}},"s":{"0":1,"1":1,"2":1,"3":1,"4":1,"5":1,"6":1,"7":0,"8":1,"9":0,"10":0,"11":0,"12":0,"13":0,"14":0,"15":0,"16":0,"17":0,"18":0,"19":0,"20":0,"21":1},"f":{"0":0,"1":0,"2":0,"3":0},"b":{"0":[0,0],"1":[0,0,0]},"_coverageSchema":"1a1c01bbd47fc00a2c39e90264f33305004495a9","hash":"30495f8a39a0900e2734990ad74ee200728a70bf"}
,"C:\\Users\\user\\Documents\\PROGRAMACION\\Backend\\Desafíos\\desafios2\\src\\services\\productService.js": {"path":"C:\\Users\\user\\Documents\\PROGRAMACION\\Backend\\Desafíos\\desafios2\\src\\services\\productService.js","statementMap":{"0":{"start":{"line":3,"column":8},"end":{"line":3,"column":40}},"1":{"start":{"line":7,"column":8},"end":{"line":11,"column":9}},"2":{"start":{"line":8,"column":12},"end":{"line":8,"column":44}},"3":{"start":{"line":10,"column":12},"end":{"line":10,"column":30}},"4":{"start":{"line":15,"column":8},"end":{"line":19,"column":9}},"5":{"start":{"line":16,"column":12},"end":{"line":16,"column":42}},"6":{"start":{"line":18,"column":12},"end":{"line":18,"column":30}},"7":{"start":{"line":23,"column":8},"end":{"line":28,"column":9}},"8":{"start":{"line":24,"column":24},"end":{"line":24,"column":54}},"9":{"start":{"line":25,"column":12},"end":{"line":25,"column":24}},"10":{"start":{"line":27,"column":12},"end":{"line":27,"column":30}},"11":{"start":{"line":32,"column":8},"end":{"line":39,"column":9}},"12":{"start":{"line":33,"column":35},"end":{"line":35,"column":14}},"13":{"start":{"line":36,"column":12},"end":{"line":36,"column":33}},"14":{"start":{"line":38,"column":12},"end":{"line":38,"column":30}},"15":{"start":{"line":43,"column":8},"end":{"line":47,"column":9}},"16":{"start":{"line":44,"column":12},"end":{"line":44,"column":50}},"17":{"start":{"line":46,"column":12},"end":{"line":46,"column":30}},"18":{"start":{"line":51,"column":0},"end":{"line":51,"column":31}}},"fnMap":{"0":{"name":"(anonymous_0)","decl":{"start":{"line":2,"column":4},"end":{"line":2,"column":5}},"loc":{"start":{"line":2,"column":24},"end":{"line":4,"column":5}},"line":2},"1":{"name":"(anonymous_1)","decl":{"start":{"line":6,"column":4},"end":{"line":6,"column":5}},"loc":{"start":{"line":6,"column":32},"end":{"line":12,"column":5}},"line":6},"2":{"name":"(anonymous_2)","decl":{"start":{"line":14,"column":4},"end":{"line":14,"column":5}},"loc":{"start":{"line":14,"column":24},"end":{"line":20,"column":5}},"line":14},"3":{"name":"(anonymous_3)","decl":{"start":{"line":22,"column":4},"end":{"line":22,"column":5}},"loc":{"start":{"line":22,"column":26},"end":{"line":29,"column":5}},"line":22},"4":{"name":"(anonymous_4)","decl":{"start":{"line":31,"column":4},"end":{"line":31,"column":5}},"loc":{"start":{"line":31,"column":33},"end":{"line":40,"column":5}},"line":31},"5":{"name":"(anonymous_5)","decl":{"start":{"line":42,"column":4},"end":{"line":42,"column":5}},"loc":{"start":{"line":42,"column":27},"end":{"line":48,"column":5}},"line":42}},"branchMap":{},"s":{"0":1,"1":0,"2":0,"3":0,"4":0,"5":0,"6":0,"7":0,"8":0,"9":0,"10":0,"11":0,"12":0,"13":0,"14":0,"15":0,"16":0,"17":0,"18":1},"f":{"0":1,"1":0,"2":0,"3":0,"4":0,"5":0},"b":{},"_coverageSchema":"1a1c01bbd47fc00a2c39e90264f33305004495a9","hash":"915b7d35313e0c9cfa3b1848fe01f4cf4d759f57"}
}
