TN:
SF:__test__\__mock__\fake-message-new.js
FNF:0
FNH:0
DA:1,1
DA:13,1
LF:2
LH:2
BRF:0
BRH:0
end_of_record
TN:
SF:__test__\__mock__\fake-messageModel.js
FN:2,(anonymous_0)
FN:6,(anonymous_1)
FN:8,(anonymous_2)
FN:17,(anonymous_3)
FN:19,(anonymous_4)
FNF:5
FNH:5
FNDA:3,(anonymous_0)
FNDA:2,(anonymous_1)
FNDA:2,(anonymous_2)
FNDA:1,(anonymous_3)
FNDA:1,(anonymous_4)
DA:1,1
DA:3,3
DA:6,3
DA:7,2
DA:8,2
DA:9,2
DA:10,2
DA:12,0
DA:17,3
DA:18,1
DA:19,1
DA:20,1
DA:21,1
DA:23,0
LF:14
LH:12
BRDA:9,0,0,2
BRDA:9,0,1,0
BRDA:20,1,0,1
BRDA:20,1,1,0
BRF:4
BRH:2
end_of_record
TN:
SF:__test__\__mock__\fake-messages-empty.js
FNF:0
FNH:0
DA:1,1
DA:3,1
LF:2
LH:2
BRF:0
BRH:0
end_of_record
TN:
SF:__test__\__mock__\fake-messages-list.js
FNF:0
FNH:0
DA:1,1
DA:26,1
LF:2
LH:2
BRF:0
BRH:0
end_of_record
TN:
SF:src\services\message.js
FN:4,(anonymous_0)
FN:8,(anonymous_1)
FN:17,(anonymous_2)
FN:26,(anonymous_3)
FN:37,(anonymous_4)
FNF:5
FNH:3
FNDA:3,(anonymous_0)
FNDA:1,(anonymous_1)
FNDA:2,(anonymous_2)
FNDA:0,(anonymous_3)
FNDA:0,(anonymous_4)
DA:3,1
DA:5,3
DA:9,1
DA:10,1
DA:11,1
DA:13,0
DA:18,2
DA:19,2
DA:20,2
DA:22,0
DA:27,0
DA:28,0
DA:31,0
DA:33,0
DA:38,0
DA:39,0
DA:41,0
LF:17
LH:8
BRF:0
BRH:0
end_of_record
